<?xml version="1.0" encoding="UTF-8"?>
<!-- Generated by org.testng.reporters.JUnitReportReporter -->
<testsuite skipped="0" hostname="37Â°2" name="Use_cases.Regional_management" tests="1" failures="0" timestamp="2020-09-11T15:58:35 CST" time="2.570" errors="0">
  <testcase name="Test3" time="2.570" classname="Use_cases.Regional_management"/>
  <system-out/>
</testsuite> <!-- Use_cases.Regional_management -->
