<?xml version="1.0" encoding="UTF-8"?>
<!-- Generated by org.testng.reporters.JUnitReportReporter -->
<testsuite skipped="0" hostname="DESKTOP-840967F" name="first.first.loginTest" tests="1" failures="0" timestamp="2020-09-10T13:03:25 CST" time="1.504" errors="0">
  <testcase name="Test2" time="1.504" classname="first.first.loginTest"/>
  <system-out/>
</testsuite> <!-- first.first.loginTest -->
