<?xml version="1.0" encoding="UTF-8"?>
<!-- Generated by org.testng.reporters.JUnitReportReporter -->
<testsuite skipped="0" hostname="37Â°2" name="Use_cases.loginTest" tests="2" failures="0" timestamp="2020-09-11T15:21:11 CST" time="31.804" errors="0">
  <testcase name="Test1" time="15.013" classname="Use_cases.loginTest"/>
  <system-out/>
  <testcase name="Test2" time="16.791" classname="Use_cases.loginTest"/>
  <system-out/>
</testsuite> <!-- Use_cases.loginTest -->
